<?xml version="1.0" encoding="utf-8"?><testsuites><testsuite name="pytest" errors="0" failures="0" skipped="0" tests="8" time="1.972" timestamp="2025-02-25T18:50:46.808436+05:30" hostname="DESKTOP-3D8OQ63"><testcase classname="app_services_parent.shipment.tests.quote.test_controllers.test_quote_controller.TestQuoteController" name="test_calculate_quote_success" time="0.065" /><testcase classname="app_services_parent.shipment.tests.quote.test_controllers.test_quote_controller.TestQuoteController" name="test_calculate_quote_invalid_service_level" time="0.016" /><testcase classname="app_services_parent.shipment.tests.quote.test_controllers.test_quote_controller.TestQuoteController" name="test_calculate_quote_invalid_package" time="0.013" /><testcase classname="app_services_parent.shipment.tests.quote.test_controllers.test_quote_controller.TestQuoteController" name="test_calculate_quote_missing_service_level" time="0.019" /><testcase classname="app_services_parent.shipment.tests.quote.test_controllers.test_quote_controller.TestQuoteController" name="test_calculate_quote_service_error" time="0.021" /><testcase classname="app_services_parent.shipment.tests.quote.test_models.test_quote_models.TestQuoteModels" name="test_address_model_validation" time="0.005" /><testcase classname="app_services_parent.shipment.tests.quote.test_services.test_quote_service.TestQuoteService" name="test_calculate_quote_success" time="0.004" /><testcase classname="app_services_parent.shipment.tests.quote.test_services.test_quote_service.TestQuoteService" name="test_calculate_quote_multiple_packages" time="0.006" /></testsuite></testsuites>